<?xml version="1.0" encoding="UTF-8"?>
<!-- Generated by org.testng.reporters.JUnitXMLReporter -->
<testsuite ignored="1" hostname="DESKTOP-5C81T5F" failures="0" tests="1" name="opencartTest" time="10.743" errors="0" timestamp="2023-06-22T11:51:33 IST">
  <testcase classname="testCases.TC_001_AccountRegistrationTest" name="test_account_Registration" time="4.48"/>
  <testcase classname="testCases.TC_002_LoginTest" name="LoginTest" time="0.0">
    <ignored/>
  </testcase> <!-- LoginTest -->
</testsuite> <!-- opencartTest -->
