<?xml version="1.0" encoding="UTF-8"?>
<!-- Generated by org.testng.reporters.JUnitXMLReporter -->
<testsuite ignored="0" hostname="DESKTOP-5C81T5F" failures="0" tests="5" name="opencartTest" time="47.189" errors="0" timestamp="2023-06-21T23:12:20 IST">
  <testcase classname="testCases.TC_003_LoginDDT" name="test_loginDDT" time="2.532"/>
  <testcase classname="testCases.TC_003_LoginDDT" name="test_loginDDT" time="11.271"/>
  <testcase classname="testCases.TC_003_LoginDDT" name="test_loginDDT" time="12.19"/>
  <testcase classname="testCases.TC_003_LoginDDT" name="test_loginDDT" time="11.14"/>
  <testcase classname="testCases.TC_003_LoginDDT" name="test_loginDDT" time="1.665"/>
</testsuite> <!-- opencartTest -->
